cl : command line warning D9035: option 'Gm' has been deprecated and will be removed in a future release
  ServerDlg.cpp
C:\Users\PC\Downloads\Client - Server (1)\Client - Server\Server\Server\ServerDlg.cpp(111,9): warning C4101: 'p2': unreferenced local variable
C:\Users\PC\Downloads\Client - Server (1)\Client - Server\Server\Server\ServerDlg.cpp(126,2): warning C4996: 'wcstombs': This function or variable may be unsafe. Consider using wcstombs_s instead. To disable deprecation, use _CRT_SECURE_NO_WARNINGS. See online help for details.
C:\Users\PC\Downloads\Client - Server (1)\Client - Server\Server\Server\ServerDlg.cpp(166,11): warning C4996: 'WSAAsyncSelect': Use WSAEventSelect() instead or define _WINSOCK_DEPRECATED_NO_WARNINGS to disable deprecated API warnings
C:\Users\PC\Downloads\Client - Server (1)\Client - Server\Server\Server\ServerDlg.cpp(309,27): warning C4244: 'argument': conversion from 'wchar_t' to '_Ty', possible loss of data
          with
          [
              _Ty=char
          ]
C:\Users\PC\Downloads\Client - Server (1)\Client - Server\Server\Server\ServerDlg.cpp(336,17): warning C4018: '<': signed/unsigned mismatch
C:\Users\PC\Downloads\Client - Server (1)\Client - Server\Server\Server\ServerDlg.cpp(460,22): warning C4129: 'D': unrecognized character escape sequence
C:\Users\PC\Downloads\Client - Server (1)\Client - Server\Server\Server\ServerDlg.cpp(489,21): warning C4129: 'D': unrecognized character escape sequence
C:\Users\PC\Downloads\Client - Server (1)\Client - Server\Server\Server\ServerDlg.cpp(515,20): warning C4129: 'D': unrecognized character escape sequence
C:\Users\PC\Downloads\Client - Server (1)\Client - Server\Server\Server\ServerDlg.cpp(631,20): warning C4129: 'D': unrecognized character escape sequence
C:\Users\PC\Downloads\Client - Server (1)\Client - Server\Server\Server\ServerDlg.cpp(280,5): warning C4996: 'strcpy': This function or variable may be unsafe. Consider using strcpy_s instead. To disable deprecation, use _CRT_SECURE_NO_WARNINGS. See online help for details.
C:\Users\PC\Downloads\Client - Server (1)\Client - Server\Server\Server\ServerDlg.cpp(381,5): warning C4996: 'strcpy': This function or variable may be unsafe. Consider using strcpy_s instead. To disable deprecation, use _CRT_SECURE_NO_WARNINGS. See online help for details.
C:\Users\PC\Downloads\Client - Server (1)\Client - Server\Server\Server\ServerDlg.cpp(689,5): warning C4996: 'strcpy': This function or variable may be unsafe. Consider using strcpy_s instead. To disable deprecation, use _CRT_SECURE_NO_WARNINGS. See online help for details.
C:\Users\PC\Downloads\Client - Server (1)\Client - Server\Server\Server\ServerDlg.cpp(736,18): warning C4129: 'D': unrecognized character escape sequence
C:\Users\PC\Downloads\Client - Server (1)\Client - Server\Server\Server\ServerDlg.cpp(817,18): warning C4129: 'D': unrecognized character escape sequence
C:\Users\PC\Downloads\Client - Server (1)\Client - Server\Server\Server\ServerDlg.cpp(858,18): warning C4129: 'D': unrecognized character escape sequence
C:\Users\PC\Downloads\Client - Server (1)\Client - Server\Server\Server\ServerDlg.cpp(894,18): warning C4129: 'D': unrecognized character escape sequence
C:\Users\PC\Downloads\Client - Server (1)\Client - Server\Server\Server\ServerDlg.cpp(968,18): warning C4129: 'D': unrecognized character escape sequence
C:\Users\PC\Downloads\Client - Server (1)\Client - Server\Server\Server\ServerDlg.cpp(1004,18): warning C4129: 'D': unrecognized character escape sequence
C:\Users\PC\Downloads\Client - Server (1)\Client - Server\Server\Server\ServerDlg.cpp(1083,18): warning C4129: 'D': unrecognized character escape sequence
  Server.vcxproj -> C:\Users\PC\Downloads\Client - Server (1)\Client - Server\Server\Debug\Server.exe
